<?xml version="1.0" encoding="UTF-8"?>
<!-- Generated by org.testng.reporters.JUnitReportReporter -->
<testsuite skipped="0" hostname="HPDV6" name="AllElements" tests="1" failures="0" timestamp="09 Jan 2018 16:25:38 GMT" time="13.708" errors="0">
  <testcase name="Elements" time="13.708" classname="AllElements"/>
</testsuite> <!-- AllElements -->
