<?xml version="1.0" encoding="UTF-8"?>
<!-- Generated by org.testng.reporters.JUnitReportReporter -->
<testsuite skipped="0" hostname="HPDV6" name="DataFeedingChrome" tests="5" failures="0" timestamp="03 Jan 2018 13:12:05 GMT" time="47.642" errors="0">
  <testcase name="enterdata" time="10.309" classname="DataFeedingChrome"/>
  <testcase name="enterdata" time="10.646" classname="DataFeedingChrome"/>
  <testcase name="enterdata" time="8.930" classname="DataFeedingChrome"/>
  <testcase name="enterdata" time="8.834" classname="DataFeedingChrome"/>
  <testcase name="enterdata" time="8.923" classname="DataFeedingChrome"/>
</testsuite> <!-- DataFeedingChrome -->
