<?xml version="1.0" encoding="UTF-8"?>
<!-- Generated by org.testng.reporters.JUnitReportReporter -->
<testsuite skipped="0" hostname="RizanLenovo" name="DataProviderTest" tests="1" failures="0" timestamp="05 Sep 2017 08:29:50 GMT" time="7.428" errors="0">
  <testcase name="test" time="7.428" classname="DataProviderTest"/>
</testsuite> <!-- DataProviderTest -->
